<?xml version="1.0" encoding="UTF-8"?>
<testng-results ignored="0" total="6" passed="6" failed="0" skipped="0">
  <reporter-output>
  </reporter-output>
  <suite started-at="2020-08-07T01:31:06 BST" name="All Test Suite" finished-at="2020-08-07T01:31:06 BST" duration-ms="23">
    <groups>
    </groups>
    <test started-at="2020-08-07T01:31:06 BST" name="/Users/shaliniadal/workspace/MavenTest" finished-at="2020-08-07T01:31:06 BST" duration-ms="23">
      <class name="org.imsa.SeleniumTest">
        <test-method signature="browserAutomation()[pri:0, instance:org.imsa.SeleniumTest@6a2b953e]" started-at="2020-08-07T01:31:06 BST" name="browserAutomation" finished-at="2020-08-07T01:31:06 BST" duration-ms="0" status="PASS">
          <reporter-output>
          </reporter-output>
        </test-method> <!-- browserAutomation -->
        <test-method signature="elementUI()[pri:0, instance:org.imsa.SeleniumTest@6a2b953e]" started-at="2020-08-07T01:31:06 BST" name="elementUI" finished-at="2020-08-07T01:31:06 BST" duration-ms="0" status="PASS">
          <reporter-output>
          </reporter-output>
        </test-method> <!-- elementUI -->
      </class> <!-- org.imsa.SeleniumTest -->
      <class name="org.imsa.APITest">
        <test-method signature="postJira()[pri:0, instance:org.imsa.APITest@2638011]" started-at="2020-08-07T01:31:06 BST" name="postJira" finished-at="2020-08-07T01:31:06 BST" duration-ms="2" status="PASS">
          <reporter-output>
          </reporter-output>
        </test-method> <!-- postJira -->
        <test-method signature="deleteTwitter()[pri:0, instance:org.imsa.APITest@2638011]" started-at="2020-08-07T01:31:06 BST" name="deleteTwitter" finished-at="2020-08-07T01:31:06 BST" duration-ms="1" status="PASS">
          <reporter-output>
          </reporter-output>
        </test-method> <!-- deleteTwitter -->
      </class> <!-- org.imsa.APITest -->
      <class name="org.imsa.AppiumTest">
        <test-method signature="nativeAppAndroid()[pri:0, instance:org.imsa.AppiumTest@6ff29830]" started-at="2020-08-07T01:31:06 BST" name="nativeAppAndroid" finished-at="2020-08-07T01:31:06 BST" duration-ms="0" status="PASS">
          <reporter-output>
          </reporter-output>
        </test-method> <!-- nativeAppAndroid -->
        <test-method signature="nativeAppIos()[pri:0, instance:org.imsa.AppiumTest@6ff29830]" started-at="2020-08-07T01:31:06 BST" name="nativeAppIos" finished-at="2020-08-07T01:31:06 BST" duration-ms="0" status="PASS">
          <reporter-output>
          </reporter-output>
        </test-method> <!-- nativeAppIos -->
      </class> <!-- org.imsa.AppiumTest -->
    </test> <!-- /Users/shaliniadal/workspace/MavenTest -->
  </suite> <!-- All Test Suite -->
</testng-results>
