<?xml version="1.0" encoding="UTF-8"?>
<testsuite xmlns:xsi="http://www.w3.org/2001/XMLSchema-instance" xsi:noNamespaceSchemaLocation="https://maven.apache.org/surefire/maven-surefire-plugin/xsd/surefire-test-report-3.0.xsd" version="3.0" name="TestSuite" time="0.286" tests="6" errors="0" skipped="0" failures="0">
  <properties>
[...]
</properties>
  <testcase name="postJira" classname="org.imsa.APITest" time="0.003">
    <system-out><![CDATA[postJira
]]></system-out>
  </testcase>
  <testcase name="deleteTwitter" classname="org.imsa.APITest" time="0">
    <system-out><![CDATA[deleteTwitter
]]></system-out>
  </testcase>
  <testcase name="nativeAppAndroid" classname="org.imsa.AppiumTest" time="0.001">
    <system-out><![CDATA[nativeAppAndroid
]]></system-out>
  </testcase>
  <testcase name="nativeAppIos" classname="org.imsa.AppiumTest" time="0">
    <system-out><![CDATA[nativeAppIos
]]></system-out>
  </testcase>
  <testcase name="browserAutomation" classname="org.imsa.SeleniumTest" time="0.001">
    <system-out><![CDATA[browserAutomation
]]></system-out>
  </testcase>
  <testcase name="elementUI" classname="org.imsa.SeleniumTest" time="0">
    <system-out><![CDATA[elementUI
]]></system-out>
  </testcase>
</testsuite>