<?xml version="1.0" encoding="UTF-8"?>
<!-- Generated by org.testng.reporters.JUnitXMLReporter -->
<testsuite ignored="0" hostname="SHALINIs-MBP" failures="0" tests="6" name="/Users/shaliniadal/workspace/MavenTest" time="0.023" errors="0" timestamp="2020-08-07T01:31:06 BST">
  <testcase classname="org.imsa.APITest" name="postJira" time="0.002"/>
  <testcase classname="org.imsa.APITest" name="deleteTwitter" time="0.001"/>
  <testcase classname="org.imsa.AppiumTest" name="nativeAppAndroid" time="0.0"/>
  <testcase classname="org.imsa.AppiumTest" name="nativeAppIos" time="0.0"/>
  <testcase classname="org.imsa.SeleniumTest" name="browserAutomation" time="0.0"/>
  <testcase classname="org.imsa.SeleniumTest" name="elementUI" time="0.0"/>
</testsuite> <!-- /Users/shaliniadal/workspace/MavenTest -->
